2025-08-17 11:23:24,552 INFO Created folder 'test' and file 'main.py'.
2025-08-17 11:23:24,565 INFO Image 'judge-image:latest' already exists.
2025-08-17 11:23:24,565 INFO Preparing to run code: file=test/main.py, language=python, image=judge-image:latest
2025-08-17 11:23:24,566 INFO Copied 'test/main.py' to sandbox '/tmp/tmpkecq_814'.
2025-08-17 11:23:24,566 INFO Run command: docker run --rm -i --network none --memory=1024m --cpus=1 --device-read-bps /dev/sda:10mb --user 65534:65534 -v /tmp/tmpkecq_814:/sandbox/temp -w /sandbox/temp judge-image:latest python3 main.py
2025-08-17 11:23:24,802 ERROR Run error: Run error: Command '['docker', 'run', '--rm', '-i', '--network', 'none', '--memory=1024m', '--cpus=1', '--device-read-bps', '/dev/sda:10mb', '--user', '65534:65534', '-v', '/tmp/tmpkecq_814:/sandbox/temp', '-w', '/sandbox/temp', 'judge-image:latest', 'python3', 'main.py']' returned non-zero exit status 2.
2025-08-17 11:23:24,803 INFO Result: {'success': False, 'stdout': '', 'stderr': "python3: can't open file '/sandbox/temp/main.py': [Errno 13] Permission denied\n", 'error': "Run error: Command '['docker', 'run', '--rm', '-i', '--network', 'none', '--memory=1024m', '--cpus=1', '--device-read-bps', '/dev/sda:10mb', '--user', '65534:65534', '-v', '/tmp/tmpkecq_814:/sandbox/temp', '-w', '/sandbox/temp', 'judge-image:latest', 'python3', 'main.py']' returned non-zero exit status 2."}
2025-08-17 11:23:24,803 INFO Deleted folder 'test'.
2025-08-17 11:24:28,729 INFO Created folder 'test' and file 'main.py'.
2025-08-17 11:24:28,746 INFO Image 'judge-image:latest' already exists.
2025-08-17 11:24:28,746 INFO Preparing to run code: file=test/main.py, language=python, image=judge-image:latest
2025-08-17 11:24:28,747 ERROR Error copying file: name 'stat' is not defined
2025-08-17 11:24:28,749 INFO Deleted folder 'test'.
2025-08-17 11:25:26,432 INFO Created folder 'test' and file 'main.py'.
2025-08-17 11:25:26,446 INFO Image 'judge-image:latest' already exists.
2025-08-17 11:25:26,446 INFO Preparing to run code: file=test/main.py, language=python, image=judge-image:latest
2025-08-17 11:25:26,447 INFO Copied 'test/main.py' to sandbox '/tmp/tmpoq39m6ro' and set permissions.
2025-08-17 11:25:26,447 INFO Run command: docker run --rm -i --network none --memory=1024m --cpus=1 --device-read-bps /dev/sda:10mb --user 65534:65534 -v /tmp/tmpoq39m6ro:/sandbox/temp -w /sandbox/temp judge-image:latest python3 main.py
2025-08-17 11:25:26,690 ERROR Run error: Run error: Command '['docker', 'run', '--rm', '-i', '--network', 'none', '--memory=1024m', '--cpus=1', '--device-read-bps', '/dev/sda:10mb', '--user', '65534:65534', '-v', '/tmp/tmpoq39m6ro:/sandbox/temp', '-w', '/sandbox/temp', 'judge-image:latest', 'python3', 'main.py']' returned non-zero exit status 2.
2025-08-17 11:25:26,690 INFO Result: {'success': False, 'stdout': '', 'stderr': "python3: can't open file '/sandbox/temp/main.py': [Errno 13] Permission denied\n", 'error': "Run error: Command '['docker', 'run', '--rm', '-i', '--network', 'none', '--memory=1024m', '--cpus=1', '--device-read-bps', '/dev/sda:10mb', '--user', '65534:65534', '-v', '/tmp/tmpoq39m6ro:/sandbox/temp', '-w', '/sandbox/temp', 'judge-image:latest', 'python3', 'main.py']' returned non-zero exit status 2."}
2025-08-17 11:25:26,691 INFO Deleted folder 'test'.
2025-08-17 11:25:53,709 INFO Created folder 'test' and file 'main.py'.
2025-08-17 11:25:53,723 INFO Image 'judge-image:latest' already exists.
2025-08-17 11:25:53,723 INFO Preparing to run code: file=test/main.py, language=python, image=judge-image:latest
2025-08-17 11:25:53,724 INFO Copied 'test/main.py' to sandbox '/tmp/tmpi5kcnq7u' and set permissions.
2025-08-17 11:25:53,724 INFO Run command: docker run --rm -i --network none --memory=1024m --cpus=1 --device-read-bps /dev/sda:10mb --user 65534:65534 -v /tmp/tmpi5kcnq7u:/sandbox/temp -w /sandbox/temp judge-image:latest python3 main.py
2025-08-17 11:25:53,940 ERROR Run error: Run error: Command '['docker', 'run', '--rm', '-i', '--network', 'none', '--memory=1024m', '--cpus=1', '--device-read-bps', '/dev/sda:10mb', '--user', '65534:65534', '-v', '/tmp/tmpi5kcnq7u:/sandbox/temp', '-w', '/sandbox/temp', 'judge-image:latest', 'python3', 'main.py']' returned non-zero exit status 2.
2025-08-17 11:25:53,940 INFO Result: {'success': False, 'stdout': '', 'stderr': "python3: can't open file '/sandbox/temp/main.py': [Errno 13] Permission denied\n", 'error': "Run error: Command '['docker', 'run', '--rm', '-i', '--network', 'none', '--memory=1024m', '--cpus=1', '--device-read-bps', '/dev/sda:10mb', '--user', '65534:65534', '-v', '/tmp/tmpi5kcnq7u:/sandbox/temp', '-w', '/sandbox/temp', 'judge-image:latest', 'python3', 'main.py']' returned non-zero exit status 2."}
2025-08-17 11:26:57,058 INFO Created folder 'test' and file 'main.py'.
2025-08-17 11:26:57,078 INFO Image 'judge-image:latest' already exists.
2025-08-17 11:26:57,079 INFO Preparing to run code: file=test/main.py, language=python, image=judge-image:latest
2025-08-17 11:26:57,080 INFO Copied 'test/main.py' to sandbox '/tmp/tmp7rtgzrqv' and set permissions.
2025-08-17 11:26:57,080 INFO Run command: docker run --rm -i --network none --memory=1024m --cpus=1 --device-read-bps /dev/sda:10mb --user 65534:65534 -v /tmp/tmp7rtgzrqv:/sandbox/temp -w /sandbox/temp judge-image:latest python3 main.py
2025-08-17 11:26:57,369 ERROR Run error: Run error: Command '['docker', 'run', '--rm', '-i', '--network', 'none', '--memory=1024m', '--cpus=1', '--device-read-bps', '/dev/sda:10mb', '--user', '65534:65534', '-v', '/tmp/tmp7rtgzrqv:/sandbox/temp', '-w', '/sandbox/temp', 'judge-image:latest', 'python3', 'main.py']' returned non-zero exit status 2.
2025-08-17 11:26:57,369 INFO Result: {'success': False, 'stdout': '', 'stderr': "python3: can't open file '/sandbox/temp/main.py': [Errno 13] Permission denied\n", 'error': "Run error: Command '['docker', 'run', '--rm', '-i', '--network', 'none', '--memory=1024m', '--cpus=1', '--device-read-bps', '/dev/sda:10mb', '--user', '65534:65534', '-v', '/tmp/tmp7rtgzrqv:/sandbox/temp', '-w', '/sandbox/temp', 'judge-image:latest', 'python3', 'main.py']' returned non-zero exit status 2."}
2025-08-17 11:26:57,373 INFO Deleted folder 'test'.
2025-08-17 11:29:24,313 INFO Created folder 'test' and file 'main.py'.
2025-08-17 11:29:24,327 INFO Image 'judge-image:latest' already exists.
2025-08-17 11:29:47,933 INFO Created folder 'test' and file 'main.py'.
2025-08-17 11:29:47,948 INFO Image 'judge-image:latest' already exists.
2025-08-17 11:29:48,273 INFO Deleted folder 'test'.
2025-08-17 11:32:33,779 INFO Created folder 'test' and file 'main.py'.
2025-08-17 11:32:33,809 INFO Image 'judge-image:latest' already exists.
2025-08-17 11:32:34,124 INFO Deleted folder 'test'.
2025-08-17 11:34:27,990 INFO Created folder 'test' and file 'main.py'.
2025-08-17 11:34:28,004 INFO Image 'judge-image:latest' already exists.
2025-08-17 11:36:19,614 INFO Created folder 'test' and file 'main.c'.
2025-08-17 11:36:19,632 INFO Image 'judge-image:latest' already exists.
2025-08-17 11:39:08,839 INFO Created folder 'test' and file 'main.c'.
2025-08-17 11:39:08,853 INFO Image 'judge-image:latest' already exists.
2025-08-17 11:40:41,527 INFO Created folder 'test' and file 'main.cpp'.
2025-08-17 11:40:41,541 INFO Image 'judge-image:latest' already exists.
2025-08-17 11:41:01,621 INFO Created folder 'test' and file 'main.cpp'.
2025-08-17 11:41:01,656 INFO Image 'judge-image:latest' already exists.
2025-08-17 11:42:29,913 INFO Created folder 'test' and file 'main.cpp'.
2025-08-17 11:42:29,927 INFO Image 'judge-image:latest' already exists.
2025-08-17 11:43:45,626 INFO Created folder 'test' and file 'main.cpp'.
2025-08-17 11:43:45,640 INFO Image 'judge-image:latest' already exists.
2025-08-17 11:45:04,015 INFO Created folder 'test' and file 'main.cpp'.
2025-08-17 11:45:04,033 INFO Image 'judge-image:latest' already exists.
2025-08-17 11:46:26,669 INFO Created folder 'test' and file 'main.cpp'.
2025-08-17 11:46:26,683 INFO Image 'judge-image:latest' already exists.
2025-08-17 11:46:49,025 INFO Created folder 'test' and file 'main.cpp'.
2025-08-17 11:46:49,040 INFO Image 'judge-image:latest' already exists.
2025-08-17 11:47:24,226 INFO Created folder 'test' and file 'main.cpp'.
2025-08-17 11:47:24,240 INFO Image 'judge-image:latest' already exists.
2025-08-17 11:47:54,824 INFO Created folder 'test' and file 'main.cpp'.
2025-08-17 11:47:54,839 INFO Image 'judge-image:latest' already exists.
2025-08-17 11:48:15,063 INFO Created folder 'test' and file 'main.cpp'.
2025-08-17 11:48:15,077 INFO Image 'judge-image:latest' already exists.
2025-08-17 11:48:51,674 INFO Created folder 'test' and file 'main.cpp'.
2025-08-17 11:48:51,688 INFO Image 'judge-image:latest' already exists.
2025-08-17 11:48:52,716 INFO Deleted folder 'test'.
2025-08-17 11:49:12,764 INFO Created folder 'test' and file 'main.cpp'.
2025-08-17 11:49:12,787 INFO Image 'judge-image:latest' already exists.
2025-08-17 11:49:43,807 INFO Created folder 'test' and file 'main.cpp'.
2025-08-17 11:49:43,821 INFO Image 'judge-image:latest' already exists.
2025-08-17 11:49:48,737 INFO Created folder 'test' and file 'main.cpp'.
2025-08-17 11:49:48,751 INFO Image 'judge-image:latest' already exists.
2025-08-17 11:55:53,874 INFO Created folder 'test' and file 'main.cpp'.
2025-08-17 11:55:53,895 INFO Image 'judge-image:latest' already exists.
2025-08-17 11:56:07,163 INFO Created folder 'test' and file 'main.cpp'.
2025-08-17 11:56:07,187 INFO Image 'judge-image:latest' already exists.
2025-08-17 11:56:08,810 INFO Deleted folder 'test'.
2025-08-17 11:56:16,429 INFO Created folder 'test' and file 'main.cpp'.
2025-08-17 11:56:16,442 INFO Image 'judge-image:latest' already exists.
2025-08-17 11:56:18,107 INFO Deleted folder 'test'.
2025-08-17 11:56:26,867 INFO Created folder 'test' and file 'main.cpp'.
2025-08-17 11:56:26,883 INFO Image 'judge-image:latest' already exists.
2025-08-17 11:56:28,561 INFO Deleted folder 'test'.
2025-08-17 11:56:39,412 INFO Created folder 'test' and file 'main.cpp'.
2025-08-17 11:56:39,442 INFO Image 'judge-image:latest' already exists.
2025-08-17 11:56:41,035 INFO Deleted folder 'test'.
2025-08-17 11:56:47,694 INFO Created folder 'test' and file 'main.cpp'.
2025-08-17 11:56:47,720 INFO Image 'judge-image:latest' already exists.
2025-08-17 11:56:49,521 INFO Deleted folder 'test'.
2025-08-17 11:56:59,712 INFO Created folder 'test' and file 'main.cpp'.
2025-08-17 11:56:59,731 INFO Image 'judge-image:latest' already exists.
2025-08-17 11:57:00,743 INFO Deleted folder 'test'.
2025-08-17 12:44:46,743 INFO Created folder 'test' and file 'main.cpp'.
2025-08-17 12:44:46,864 INFO Image 'judge-image:latest' already exists.
2025-08-17 12:44:48,869 INFO Deleted folder 'test'.
2025-08-17 12:46:12,952 INFO Created folder 'test' and file 'main.cpp'.
2025-08-17 12:46:12,971 INFO Image 'judge-image:latest' already exists.
2025-08-17 12:46:17,311 INFO Deleted folder 'test'.
2025-08-17 12:46:26,449 INFO Created folder 'test' and file 'main.cpp'.
2025-08-17 12:46:26,464 INFO Image 'judge-image:latest' already exists.
2025-08-17 12:46:28,068 INFO Deleted folder 'test'.
2025-08-17 12:46:33,594 INFO Created folder 'test' and file 'main.cpp'.
2025-08-17 12:46:33,607 INFO Image 'judge-image:latest' already exists.
2025-08-17 12:46:35,299 INFO Deleted folder 'test'.
